<?xml version="1.0" encoding="UTF-8"?>
<!-- Generated by org.testng.reporters.JUnitXMLReporter -->
<testsuite ignored="5" hostname="SammyJ-Lptp" failures="0" tests="1" name="Default test" time="1.309" errors="0" timestamp="2020-11-21T00:54:06 EST">
  <testcase classname="sqlPro" name="connect2" time="1.257"/>
  <testcase classname="sqlPro" name="connect4" time="0.0">
    <ignored/>
  </testcase> <!-- connect4 -->
  <testcase classname="sqlPro" name="connect3" time="0.0">
    <ignored/>
  </testcase> <!-- connect3 -->
  <testcase classname="sqlPro" name="connect6" time="0.0">
    <ignored/>
  </testcase> <!-- connect6 -->
  <testcase classname="sqlPro" name="connect5" time="0.0">
    <ignored/>
  </testcase> <!-- connect5 -->
  <testcase classname="sqlPro" name="connect" time="0.0">
    <ignored/>
  </testcase> <!-- connect -->
</testsuite> <!-- Default test -->
