<?xml version="1.0" encoding="UTF-8"?>
<testng-results ignored="5" total="6" passed="1" failed="0" skipped="0">
  <reporter-output>
  </reporter-output>
  <suite started-at="2020-11-21T00:54:05 EST" name="Default suite" finished-at="2020-11-21T00:54:06 EST" duration-ms="1309">
    <groups>
    </groups>
    <test started-at="2020-11-21T00:54:05 EST" name="Default test" finished-at="2020-11-21T00:54:06 EST" duration-ms="1309">
      <class name="sqlPro">
        <test-method signature="connect2()[pri:0, instance:sqlPro@40cb8df7]" started-at="2020-11-21T00:54:05 EST" name="connect2" finished-at="2020-11-21T00:54:06 EST" duration-ms="1257" status="PASS">
          <reporter-output>
          </reporter-output>
        </test-method> <!-- connect2 -->
      </class> <!-- sqlPro -->
    </test> <!-- Default test -->
  </suite> <!-- Default suite -->
</testng-results>
